  Actor.cpp
C:\Users\ruben\Desktop\Tercero\SEV\JuegoLibre\DarkSoulsIII_2D\DarkSoulsIII_2D\Actor.cpp(11,12): warning C4244: '=': conversión de 'float' a 'int'; posible pérdida de datos
C:\Users\ruben\Desktop\Tercero\SEV\JuegoLibre\DarkSoulsIII_2D\DarkSoulsIII_2D\Actor.cpp(12,12): warning C4244: '=': conversión de 'float' a 'int'; posible pérdida de datos
C:\Users\ruben\Desktop\Tercero\SEV\JuegoLibre\DarkSoulsIII_2D\DarkSoulsIII_2D\Actor.cpp(31,32): warning C4244: '=': conversión de 'float' a 'int'; posible pérdida de datos
  Animation.cpp
C:\Users\ruben\Desktop\Tercero\SEV\JuegoLibre\DarkSoulsIII_2D\DarkSoulsIII_2D\Animation.cpp(11,21): warning C4244: '=': conversión de 'float' a 'int'; posible pérdida de datos
C:\Users\ruben\Desktop\Tercero\SEV\JuegoLibre\DarkSoulsIII_2D\DarkSoulsIII_2D\Animation.cpp(12,22): warning C4244: '=': conversión de 'float' a 'int'; posible pérdida de datos
C:\Users\ruben\Desktop\Tercero\SEV\JuegoLibre\DarkSoulsIII_2D\DarkSoulsIII_2D\Animation.cpp(13,20): warning C4244: '=': conversión de 'float' a 'int'; posible pérdida de datos
C:\Users\ruben\Desktop\Tercero\SEV\JuegoLibre\DarkSoulsIII_2D\DarkSoulsIII_2D\Animation.cpp(14,21): warning C4244: '=': conversión de 'float' a 'int'; posible pérdida de datos
C:\Users\ruben\Desktop\Tercero\SEV\JuegoLibre\DarkSoulsIII_2D\DarkSoulsIII_2D\Animation.cpp(29,13): warning C4244: '=': conversión de 'float' a 'int'; posible pérdida de datos
C:\Users\ruben\Desktop\Tercero\SEV\JuegoLibre\DarkSoulsIII_2D\DarkSoulsIII_2D\Animation.cpp(30,13): warning C4244: '=': conversión de 'float' a 'int'; posible pérdida de datos
C:\Users\ruben\Desktop\Tercero\SEV\JuegoLibre\DarkSoulsIII_2D\DarkSoulsIII_2D\Animation.cpp(54,26): warning C4244: '=': conversión de 'float' a 'int'; posible pérdida de datos
C:\Users\ruben\Desktop\Tercero\SEV\JuegoLibre\DarkSoulsIII_2D\DarkSoulsIII_2D\Animation.cpp(62,20): warning C4244: '=': conversión de 'float' a 'int'; posible pérdida de datos
C:\Users\ruben\Desktop\Tercero\SEV\JuegoLibre\DarkSoulsIII_2D\DarkSoulsIII_2D\Animation.cpp(63,20): warning C4244: '=': conversión de 'float' a 'int'; posible pérdida de datos
  Audio.cpp
C:\Users\ruben\Desktop\Tercero\SEV\JuegoLibre\DarkSoulsIII_2D\DarkSoulsIII_2D\Audio.h(8,10): warning C4067: símbolos (token) inesperados después de la directiva del preprocesador; se esperaba una nueva línea
  Background.cpp
C:\Users\ruben\Desktop\Tercero\SEV\JuegoLibre\DarkSoulsIII_2D\DarkSoulsIII_2D\Background.cpp(19,9): warning C4244: '=': conversión de 'float' a 'int'; posible pérdida de datos
  Enemy.cpp
C:\Users\ruben\Desktop\Tercero\SEV\JuegoLibre\DarkSoulsIII_2D\DarkSoulsIII_2D\Enemy.cpp(8,57): warning C4244: 'argumento': conversión de 'int' a 'float'; posible pérdida de datos
C:\Users\ruben\Desktop\Tercero\SEV\JuegoLibre\DarkSoulsIII_2D\DarkSoulsIII_2D\Enemy.cpp(8,50): warning C4244: 'argumento': conversión de 'int' a 'float'; posible pérdida de datos
C:\Users\ruben\Desktop\Tercero\SEV\JuegoLibre\DarkSoulsIII_2D\DarkSoulsIII_2D\Enemy.cpp(11,63): warning C4244: 'argumento': conversión de 'int' a 'float'; posible pérdida de datos
C:\Users\ruben\Desktop\Tercero\SEV\JuegoLibre\DarkSoulsIII_2D\DarkSoulsIII_2D\Enemy.cpp(11,56): warning C4244: 'argumento': conversión de 'int' a 'float'; posible pérdida de datos
C:\Users\ruben\Desktop\Tercero\SEV\JuegoLibre\DarkSoulsIII_2D\DarkSoulsIII_2D\Enemy.cpp(76,31): warning C4244: 'argumento': conversión de 'int' a 'float'; posible pérdida de datos
  Game.cpp
C:\Users\ruben\Desktop\Tercero\SEV\JuegoLibre\DarkSoulsIII_2D\DarkSoulsIII_2D\Audio.h(8,10): warning C4067: símbolos (token) inesperados después de la directiva del preprocesador; se esperaba una nueva línea
C:\Users\ruben\Desktop\Tercero\SEV\JuegoLibre\DarkSoulsIII_2D\DarkSoulsIII_2D\Game.cpp(67,56): warning C4244: 'argumento': conversión de 'float' a 'int'; posible pérdida de datos
C:\Users\ruben\Desktop\Tercero\SEV\JuegoLibre\DarkSoulsIII_2D\DarkSoulsIII_2D\Game.cpp(67,35): warning C4244: 'argumento': conversión de 'float' a 'int'; posible pérdida de datos
  GameLayer.cpp
C:\Users\ruben\Desktop\Tercero\SEV\JuegoLibre\DarkSoulsIII_2D\DarkSoulsIII_2D\Audio.h(8,10): warning C4067: símbolos (token) inesperados después de la directiva del preprocesador; se esperaba una nueva línea
C:\Users\ruben\Desktop\Tercero\SEV\JuegoLibre\DarkSoulsIII_2D\DarkSoulsIII_2D\GameLayer.cpp(23,53): warning C4305: 'argumento': truncamiento de 'double' a 'float'
C:\Users\ruben\Desktop\Tercero\SEV\JuegoLibre\DarkSoulsIII_2D\DarkSoulsIII_2D\GameLayer.cpp(23,38): warning C4305: 'argumento': truncamiento de 'double' a 'float'
C:\Users\ruben\Desktop\Tercero\SEV\JuegoLibre\DarkSoulsIII_2D\DarkSoulsIII_2D\GameLayer.cpp(49,29): warning C4267: '=': conversión de 'size_t' a 'int'; posible pérdida de datos
C:\Users\ruben\Desktop\Tercero\SEV\JuegoLibre\DarkSoulsIII_2D\DarkSoulsIII_2D\GameLayer.cpp(54,13): warning C4244: 'inicializando': conversión de 'int' a 'float'; posible pérdida de datos
C:\Users\ruben\Desktop\Tercero\SEV\JuegoLibre\DarkSoulsIII_2D\DarkSoulsIII_2D\GameLayer.cpp(55,13): warning C4244: 'inicializando': conversión de 'int' a 'float'; posible pérdida de datos
C:\Users\ruben\Desktop\Tercero\SEV\JuegoLibre\DarkSoulsIII_2D\DarkSoulsIII_2D\GameLayer.cpp(279,24): warning C4244: '=': conversión de 'double' a 'float'; posible pérdida de datos
C:\Users\ruben\Desktop\Tercero\SEV\JuegoLibre\DarkSoulsIII_2D\DarkSoulsIII_2D\GameLayer.cpp(286,24): warning C4244: '=': conversión de 'double' a 'float'; posible pérdida de datos
  Layer.cpp
  Main.cpp
  MenuLayer.cpp
C:\Users\ruben\Desktop\Tercero\SEV\JuegoLibre\DarkSoulsIII_2D\DarkSoulsIII_2D\MenuLayer.cpp(92,38): warning C4244: 'argumento': conversión de 'float' a 'int'; posible pérdida de datos
C:\Users\ruben\Desktop\Tercero\SEV\JuegoLibre\DarkSoulsIII_2D\DarkSoulsIII_2D\MenuLayer.cpp(92,29): warning C4244: 'argumento': conversión de 'float' a 'int'; posible pérdida de datos
  Player.cpp
C:\Users\ruben\Desktop\Tercero\SEV\JuegoLibre\DarkSoulsIII_2D\DarkSoulsIII_2D\Audio.h(8,10): warning C4067: símbolos (token) inesperados después de la directiva del preprocesador; se esperaba una nueva línea
C:\Users\ruben\Desktop\Tercero\SEV\JuegoLibre\DarkSoulsIII_2D\DarkSoulsIII_2D\Player.cpp(10,10): warning C4244: 'argumento': conversión de 'int' a 'float'; posible pérdida de datos
C:\Users\ruben\Desktop\Tercero\SEV\JuegoLibre\DarkSoulsIII_2D\DarkSoulsIII_2D\Player.cpp(10,3): warning C4244: 'argumento': conversión de 'int' a 'float'; posible pérdida de datos
C:\Users\ruben\Desktop\Tercero\SEV\JuegoLibre\DarkSoulsIII_2D\DarkSoulsIII_2D\Player.cpp(12,10): warning C4244: 'argumento': conversión de 'int' a 'float'; posible pérdida de datos
C:\Users\ruben\Desktop\Tercero\SEV\JuegoLibre\DarkSoulsIII_2D\DarkSoulsIII_2D\Player.cpp(12,3): warning C4244: 'argumento': conversión de 'int' a 'float'; posible pérdida de datos
C:\Users\ruben\Desktop\Tercero\SEV\JuegoLibre\DarkSoulsIII_2D\DarkSoulsIII_2D\Player.cpp(13,68): warning C4244: 'argumento': conversión de 'int' a 'float'; posible pérdida de datos
C:\Users\ruben\Desktop\Tercero\SEV\JuegoLibre\DarkSoulsIII_2D\DarkSoulsIII_2D\Player.cpp(13,61): warning C4244: 'argumento': conversión de 'int' a 'float'; posible pérdida de datos
C:\Users\ruben\Desktop\Tercero\SEV\JuegoLibre\DarkSoulsIII_2D\DarkSoulsIII_2D\Player.cpp(15,69): warning C4244: 'argumento': conversión de 'int' a 'float'; posible pérdida de datos
C:\Users\ruben\Desktop\Tercero\SEV\JuegoLibre\DarkSoulsIII_2D\DarkSoulsIII_2D\Player.cpp(15,62): warning C4244: 'argumento': conversión de 'int' a 'float'; posible pérdida de datos
C:\Users\ruben\Desktop\Tercero\SEV\JuegoLibre\DarkSoulsIII_2D\DarkSoulsIII_2D\Player.cpp(17,76): warning C4244: 'argumento': conversión de 'int' a 'float'; posible pérdida de datos
C:\Users\ruben\Desktop\Tercero\SEV\JuegoLibre\DarkSoulsIII_2D\DarkSoulsIII_2D\Player.cpp(17,69): warning C4244: 'argumento': conversión de 'int' a 'float'; posible pérdida de datos
C:\Users\ruben\Desktop\Tercero\SEV\JuegoLibre\DarkSoulsIII_2D\DarkSoulsIII_2D\Player.cpp(19,77): warning C4244: 'argumento': conversión de 'int' a 'float'; posible pérdida de datos
C:\Users\ruben\Desktop\Tercero\SEV\JuegoLibre\DarkSoulsIII_2D\DarkSoulsIII_2D\Player.cpp(19,70): warning C4244: 'argumento': conversión de 'int' a 'float'; posible pérdida de datos
C:\Users\ruben\Desktop\Tercero\SEV\JuegoLibre\DarkSoulsIII_2D\DarkSoulsIII_2D\Player.cpp(21,77): warning C4244: 'argumento': conversión de 'int' a 'float'; posible pérdida de datos
C:\Users\ruben\Desktop\Tercero\SEV\JuegoLibre\DarkSoulsIII_2D\DarkSoulsIII_2D\Player.cpp(21,70): warning C4244: 'argumento': conversión de 'int' a 'float'; posible pérdida de datos
C:\Users\ruben\Desktop\Tercero\SEV\JuegoLibre\DarkSoulsIII_2D\DarkSoulsIII_2D\Player.cpp(133,46): warning C4244: 'argumento': conversión de 'int' a 'float'; posible pérdida de datos
C:\Users\ruben\Desktop\Tercero\SEV\JuegoLibre\DarkSoulsIII_2D\DarkSoulsIII_2D\Player.cpp(133,43): warning C4244: 'argumento': conversión de 'int' a 'float'; posible pérdida de datos
C:\Users\ruben\Desktop\Tercero\SEV\JuegoLibre\DarkSoulsIII_2D\DarkSoulsIII_2D\Player.cpp(148,32): warning C4244: 'argumento': conversión de 'int' a 'float'; posible pérdida de datos
C:\Users\ruben\Desktop\Tercero\SEV\JuegoLibre\DarkSoulsIII_2D\DarkSoulsIII_2D\Player.cpp(152,33): warning C4244: 'argumento': conversión de 'int' a 'float'; posible pérdida de datos
  Projectile.cpp
  Space.cpp
C:\Users\ruben\Desktop\Tercero\SEV\JuegoLibre\DarkSoulsIII_2D\DarkSoulsIII_2D\Space.cpp(34,30): warning C4244: 'inicializando': conversión de 'float' a 'int'; posible pérdida de datos
C:\Users\ruben\Desktop\Tercero\SEV\JuegoLibre\DarkSoulsIII_2D\DarkSoulsIII_2D\Space.cpp(64,26): warning C4244: '=': conversión de 'int' a 'float'; posible pérdida de datos
C:\Users\ruben\Desktop\Tercero\SEV\JuegoLibre\DarkSoulsIII_2D\DarkSoulsIII_2D\Space.cpp(71,30): warning C4244: 'inicializando': conversión de 'float' a 'int'; posible pérdida de datos
C:\Users\ruben\Desktop\Tercero\SEV\JuegoLibre\DarkSoulsIII_2D\DarkSoulsIII_2D\Space.cpp(103,26): warning C4244: '=': conversión de 'int' a 'float'; posible pérdida de datos
C:\Users\ruben\Desktop\Tercero\SEV\JuegoLibre\DarkSoulsIII_2D\DarkSoulsIII_2D\Space.cpp(110,30): warning C4244: 'inicializando': conversión de 'float' a 'int'; posible pérdida de datos
C:\Users\ruben\Desktop\Tercero\SEV\JuegoLibre\DarkSoulsIII_2D\DarkSoulsIII_2D\Space.cpp(142,26): warning C4244: '=': conversión de 'int' a 'float'; posible pérdida de datos
C:\Users\ruben\Desktop\Tercero\SEV\JuegoLibre\DarkSoulsIII_2D\DarkSoulsIII_2D\Space.cpp(150,30): warning C4244: 'inicializando': conversión de 'float' a 'int'; posible pérdida de datos
C:\Users\ruben\Desktop\Tercero\SEV\JuegoLibre\DarkSoulsIII_2D\DarkSoulsIII_2D\Space.cpp(191,26): warning C4244: '=': conversión de 'int' a 'float'; posible pérdida de datos
  Text.cpp
C:\Users\ruben\Desktop\Tercero\SEV\JuegoLibre\DarkSoulsIII_2D\DarkSoulsIII_2D\Text.cpp(5,12): warning C4244: '=': conversión de 'float' a 'int'; posible pérdida de datos
C:\Users\ruben\Desktop\Tercero\SEV\JuegoLibre\DarkSoulsIII_2D\DarkSoulsIII_2D\Text.cpp(6,12): warning C4244: '=': conversión de 'float' a 'int'; posible pérdida de datos
  Tile.cpp
  Generando código...
Actor.obj : error LNK2019: símbolo externo SDL_RenderCopyEx sin resolver al que se hace referencia en la función "public: virtual void __cdecl Actor::draw(float)" (?draw@Actor@@UEAAXM@Z)
Animation.obj : error LNK2001: símbolo externo SDL_RenderCopyEx sin resolver
Audio.obj : error LNK2019: símbolo externo SDL_RWFromFile sin resolver al que se hace referencia en la función "private: __cdecl Audio::Audio(class std::basic_string<char,struct std::char_traits<char>,class std::allocator<char> >,bool)" (??0Audio@@AEAA@V?$basic_string@DU?$char_traits@D@std@@V?$allocator@D@2@@std@@_N@Z)
Audio.obj : error LNK2019: símbolo externo SDL_OpenAudioDevice sin resolver al que se hace referencia en la función "private: __cdecl Audio::Audio(class std::basic_string<char,struct std::char_traits<char>,class std::allocator<char> >,bool)" (??0Audio@@AEAA@V?$basic_string@DU?$char_traits@D@std@@V?$allocator@D@2@@std@@_N@Z)
Audio.obj : error LNK2019: símbolo externo SDL_PauseAudioDevice sin resolver al que se hace referencia en la función "public: void __cdecl Audio::play(void)" (?play@Audio@@QEAAXXZ)
Audio.obj : error LNK2019: símbolo externo SDL_LoadWAV_RW sin resolver al que se hace referencia en la función "private: __cdecl Audio::Audio(class std::basic_string<char,struct std::char_traits<char>,class std::allocator<char> >,bool)" (??0Audio@@AEAA@V?$basic_string@DU?$char_traits@D@std@@V?$allocator@D@2@@std@@_N@Z)
Audio.obj : error LNK2019: símbolo externo SDL_FreeWAV sin resolver al que se hace referencia en la función "public: __cdecl Audio::~Audio(void)" (??1Audio@@QEAA@XZ)
Audio.obj : error LNK2019: símbolo externo SDL_QueueAudio sin resolver al que se hace referencia en la función "public: void __cdecl Audio::play(void)" (?play@Audio@@QEAAXXZ)
Audio.obj : error LNK2019: símbolo externo SDL_GetQueuedAudioSize sin resolver al que se hace referencia en la función "public: void __cdecl Audio::play(void)" (?play@Audio@@QEAAXXZ)
Audio.obj : error LNK2019: símbolo externo SDL_ClearQueuedAudio sin resolver al que se hace referencia en la función "public: void __cdecl Audio::play(void)" (?play@Audio@@QEAAXXZ)
Audio.obj : error LNK2019: símbolo externo SDL_CloseAudioDevice sin resolver al que se hace referencia en la función "public: __cdecl Audio::~Audio(void)" (??1Audio@@QEAA@XZ)
Audio.obj : error LNK2019: símbolo externo Mix_OpenAudio sin resolver al que se hace referencia en la función "private: __cdecl Audio::Audio(class std::basic_string<char,struct std::char_traits<char>,class std::allocator<char> >,bool)" (??0Audio@@AEAA@V?$basic_string@DU?$char_traits@D@std@@V?$allocator@D@2@@std@@_N@Z)
Audio.obj : error LNK2019: símbolo externo Mix_LoadMUS sin resolver al que se hace referencia en la función "private: __cdecl Audio::Audio(class std::basic_string<char,struct std::char_traits<char>,class std::allocator<char> >,bool)" (??0Audio@@AEAA@V?$basic_string@DU?$char_traits@D@std@@V?$allocator@D@2@@std@@_N@Z)
Audio.obj : error LNK2019: símbolo externo Mix_FreeMusic sin resolver al que se hace referencia en la función "public: __cdecl Audio::~Audio(void)" (??1Audio@@QEAA@XZ)
Audio.obj : error LNK2019: símbolo externo Mix_PlayMusic sin resolver al que se hace referencia en la función "public: void __cdecl Audio::play(void)" (?play@Audio@@QEAAXXZ)
Audio.obj : error LNK2019: símbolo externo Mix_CloseAudio sin resolver al que se hace referencia en la función "public: __cdecl Audio::~Audio(void)" (??1Audio@@QEAA@XZ)
Game.obj : error LNK2019: símbolo externo SDL_GetError sin resolver al que se hace referencia en la función "public: __cdecl Game::Game(void)" (??0Game@@QEAA@XZ)
Game.obj : error LNK2019: símbolo externo SDL_GetCurrentDisplayMode sin resolver al que se hace referencia en la función "public: void __cdecl Game::scale(void)" (?scale@Game@@QEAAXXZ)
Game.obj : error LNK2019: símbolo externo SDL_SetWindowTitle sin resolver al que se hace referencia en la función "public: __cdecl Game::Game(void)" (??0Game@@QEAA@XZ)
Game.obj : error LNK2019: símbolo externo SDL_SetWindowSize sin resolver al que se hace referencia en la función "public: void __cdecl Game::scale(void)" (?scale@Game@@QEAAXXZ)
Game.obj : error LNK2019: símbolo externo SDL_SetHint sin resolver al que se hace referencia en la función "public: __cdecl Game::Game(void)" (??0Game@@QEAA@XZ)
Game.obj : error LNK2019: símbolo externo SDL_CreateWindowAndRenderer sin resolver al que se hace referencia en la función "public: __cdecl Game::Game(void)" (??0Game@@QEAA@XZ)
Game.obj : error LNK2019: símbolo externo SDL_CreateTextureFromSurface sin resolver al que se hace referencia en la función "public: struct SDL_Texture * __cdecl Game::getTexture(class std::basic_string<char,struct std::char_traits<char>,class std::allocator<char> >)" (?getTexture@Game@@QEAAPEAUSDL_Texture@@V?$basic_string@DU?$char_traits@D@std@@V?$allocator@D@2@@std@@@Z)
Text.obj : error LNK2001: símbolo externo SDL_CreateTextureFromSurface sin resolver
Game.obj : error LNK2019: símbolo externo SDL_RenderSetScale sin resolver al que se hace referencia en la función "public: void __cdecl Game::scale(void)" (?scale@Game@@QEAAXXZ)
Game.obj : error LNK2019: símbolo externo SDL_GetTicks sin resolver al que se hace referencia en la función "public: void __cdecl Game::loop(void)" (?loop@Game@@QEAAXXZ)
Game.obj : error LNK2019: símbolo externo SDL_Delay sin resolver al que se hace referencia en la función "public: void __cdecl Game::loop(void)" (?loop@Game@@QEAAXXZ)
Game.obj : error LNK2019: símbolo externo SDL_Init sin resolver al que se hace referencia en la función "public: __cdecl Game::Game(void)" (??0Game@@QEAA@XZ)
Game.obj : error LNK2019: símbolo externo IMG_Load sin resolver al que se hace referencia en la función "public: struct SDL_Texture * __cdecl Game::getTexture(class std::basic_string<char,struct std::char_traits<char>,class std::allocator<char> >)" (?getTexture@Game@@QEAAPEAUSDL_Texture@@V?$basic_string@DU?$char_traits@D@std@@V?$allocator@D@2@@std@@@Z)
Game.obj : error LNK2019: símbolo externo TTF_Init sin resolver al que se hace referencia en la función "public: __cdecl Game::Game(void)" (??0Game@@QEAA@XZ)
Game.obj : error LNK2019: símbolo externo TTF_OpenFont sin resolver al que se hace referencia en la función "public: __cdecl Game::Game(void)" (??0Game@@QEAA@XZ)
GameLayer.obj : error LNK2019: símbolo externo SDL_GameControllerOpen sin resolver al que se hace referencia en la función "public: __cdecl GameLayer::GameLayer(class Game *)" (??0GameLayer@@QEAA@PEAVGame@@@Z)
MenuLayer.obj : error LNK2001: símbolo externo SDL_GameControllerOpen sin resolver
GameLayer.obj : error LNK2019: símbolo externo SDL_GameControllerGetAxis sin resolver al que se hace referencia en la función "public: void __cdecl GameLayer::gamePadToControls(union SDL_Event)" (?gamePadToControls@GameLayer@@QEAAXTSDL_Event@@@Z)
GameLayer.obj : error LNK2019: símbolo externo SDL_GameControllerGetButton sin resolver al que se hace referencia en la función "public: void __cdecl GameLayer::gamePadToControls(union SDL_Event)" (?gamePadToControls@GameLayer@@QEAAXTSDL_Event@@@Z)
MenuLayer.obj : error LNK2001: símbolo externo SDL_GameControllerGetButton sin resolver
GameLayer.obj : error LNK2019: símbolo externo SDL_PollEvent sin resolver al que se hace referencia en la función "public: virtual void __cdecl GameLayer::processControls(void)" (?processControls@GameLayer@@UEAAXXZ)
MenuLayer.obj : error LNK2001: símbolo externo SDL_PollEvent sin resolver
GameLayer.obj : error LNK2019: símbolo externo SDL_RenderPresent sin resolver al que se hace referencia en la función "public: virtual void __cdecl GameLayer::draw(void)" (?draw@GameLayer@@UEAAXXZ)
MenuLayer.obj : error LNK2001: símbolo externo SDL_RenderPresent sin resolver
Text.obj : error LNK2019: símbolo externo SDL_FreeSurface sin resolver al que se hace referencia en la función "public: void __cdecl Text::draw(void)" (?draw@Text@@QEAAXXZ)
Text.obj : error LNK2019: símbolo externo SDL_RenderCopy sin resolver al que se hace referencia en la función "public: void __cdecl Text::draw(void)" (?draw@Text@@QEAAXXZ)
Text.obj : error LNK2019: símbolo externo SDL_DestroyTexture sin resolver al que se hace referencia en la función "public: void __cdecl Text::draw(void)" (?draw@Text@@QEAAXXZ)
Text.obj : error LNK2019: símbolo externo TTF_RenderText_Blended sin resolver al que se hace referencia en la función "public: void __cdecl Text::draw(void)" (?draw@Text@@QEAAXXZ)
C:\videojuegos\lib\SDL2.lib : warning LNK4272: el tipo de máquina de biblioteca 'x86' está en conflicto con el tipo de máquina de destino 'x64'
C:\videojuegos\lib\SDL2main.lib : warning LNK4272: el tipo de máquina de biblioteca 'x86' está en conflicto con el tipo de máquina de destino 'x64'
C:\videojuegos\lib\SDL2_image.lib : warning LNK4272: el tipo de máquina de biblioteca 'x86' está en conflicto con el tipo de máquina de destino 'x64'
C:\videojuegos\lib\SDL2_ttf.lib : warning LNK4272: el tipo de máquina de biblioteca 'x86' está en conflicto con el tipo de máquina de destino 'x64'
C:\videojuegos\lib\SDL2_mixer.lib : warning LNK4272: el tipo de máquina de biblioteca 'x86' está en conflicto con el tipo de máquina de destino 'x64'
C:\Users\ruben\Desktop\Tercero\SEV\JuegoLibre\DarkSoulsIII_2D\x64\Debug\DarkSoulsIII_2D.exe : fatal error LNK1120: 38 externos sin resolver
